<?xml version="1.0" encoding="UTF-8"?>
<robot generator="Robot 3.2.1 (Python 3.8.5 on linux)" generated="20200902 13:13:13.153" rpa="false">
<suite id="s1" name="Tests" source="/home/robot/tests">
<suite id="s1-s1" name="Employee-Api-Test" source="/home/robot/tests/employee-api-test.robot">
<test id="s1-s1-t1" name="Get Employee">
<kw name="Get" library="REST">
<tags>
<tag>http</tag>
</tags>
<doc>*Sends a GET request to the endpoint.*</doc>
<arguments>
<arg>employee/1001</arg>
</arguments>
<status status="PASS" starttime="20200902 13:13:13.435" endtime="20200902 13:13:14.036"></status>
</kw>
<kw name="Output" library="REST">
<tags>
<tag>I/O</tag>
</tags>
<doc>*Outputs JSON to terminal or a file.*</doc>
<arguments>
<arg>response</arg>
<arg>body</arg>
</arguments>
<status status="PASS" starttime="20200902 13:13:14.036" endtime="20200902 13:13:14.037"></status>
</kw>
<kw name="String" library="REST">
<tags>
<tag>assertions</tag>
</tags>
<doc>*Asserts the field as JSON string.*</doc>
<arguments>
<arg>response body employee</arg>
<arg>1001</arg>
</arguments>
<status status="PASS" starttime="20200902 13:13:14.037" endtime="20200902 13:13:14.038"></status>
</kw>
<status status="PASS" starttime="20200902 13:13:13.434" endtime="20200902 13:13:14.038" critical="yes"></status>
</test>
<status status="PASS" starttime="20200902 13:13:13.174" endtime="20200902 13:13:14.039"></status>
</suite>
<status status="PASS" starttime="20200902 13:13:13.154" endtime="20200902 13:13:14.041"></status>
</suite>
<statistics>
<total>
<stat pass="1" fail="0">Critical Tests</stat>
<stat pass="1" fail="0">All Tests</stat>
</total>
<tag>
</tag>
<suite>
<stat pass="1" fail="0" id="s1" name="Tests">Tests</stat>
<stat pass="1" fail="0" id="s1-s1" name="Employee-Api-Test">Tests.Employee-Api-Test</stat>
</suite>
</statistics>
<errors>
</errors>
</robot>
